C51 COMPILER V9.54   KEY                                                                   05/28/2023 14:46:40 PAGE 1   


C51 COMPILER V9.54, COMPILATION OF MODULE KEY
OBJECT MODULE PLACED IN .\Objects\key.obj
COMPILER INVOKED BY: E:\keil5\C51\BIN\C51.EXE key.c OPTIMIZE(8,SPEED) BROWSE DEBUG OBJECTEXTEND PRINT(.\Listings\key.lst
                    -) TABS(2) OBJECT(.\Objects\key.obj)

line level    source

   1          #include <REGX52.H>
   2          #include "delay.h"
   3          
   4          //获取按键值
   5          unsigned char key()
   6          {
   7   1        unsigned char keynumber;
   8   1        
   9   1        if(P3_4==0)
  10   1        {Delay(20);
  11   2        while(P3_4==0)
  12   2        {Delay(20);keynumber=1;}
  13   2        }
  14   1          if(P3_5==0)
  15   1        {Delay(20);
  16   2        while(P3_5==0)
  17   2        {Delay(20);keynumber=2;}
  18   2        }
  19   1          if(P3_6==0)
  20   1        {Delay(20);
  21   2        while(P3_6==0)
  22   2        {Delay(20);keynumber=3;}
  23   2        }
  24   1          if(P3_7==0)
  25   1        {Delay(20);
  26   2        while(P3_7==0)
  27   2        {Delay(20);keynumber=4;}
  28   2        }
  29   1        return keynumber;
  30   1      }


MODULE INFORMATION:   STATIC OVERLAYABLE
   CODE SIZE        =    103    ----
   CONSTANT SIZE    =   ----    ----
   XDATA SIZE       =   ----    ----
   PDATA SIZE       =   ----    ----
   DATA SIZE        =   ----       1
   IDATA SIZE       =   ----    ----
   BIT SIZE         =   ----    ----
END OF MODULE INFORMATION.


C51 COMPILATION COMPLETE.  0 WARNING(S),  0 ERROR(S)
