C51 COMPILER V9.54   TIMER0                                                                05/28/2023 14:46:40 PAGE 1   


C51 COMPILER V9.54, COMPILATION OF MODULE TIMER0
OBJECT MODULE PLACED IN .\Objects\Timer0.obj
COMPILER INVOKED BY: E:\keil5\C51\BIN\C51.EXE Timer0.c OPTIMIZE(8,SPEED) BROWSE DEBUG OBJECTEXTEND PRINT(.\Listings\Time
                    -r0.lst) TABS(2) OBJECT(.\Objects\Timer0.obj)

line level    source

   1          #include <REGX52.H>
   2          
   3          
   4          
   5          
   6          
   7          //void Timer0_Inite()//配置定时器零  可以软件配置
   8          //{//16为计数器
   9          ////  TMOD=0X01;//0000 0001  配置TMOD寄存器
  10          //  TMOD&=0xF0;//把tmod的低四位清零，高四位保持不变  按位与
  11          //  TMOD|=0x01;//把tmod的最低位置一，高四位保持不变  按位或
  12          //  TF0=0;//中断溢出标志位
  13          //  TR0=1;//定时器T0使能
  14          //  TH0=64535/256;//有两个寄存器8个为一位，所以存数需要分开    高八位
  15          //  TL0=64535%256+1;//对目标置取余存到低八位  65536才会溢出
  16          //  ET0=1;//配置中断的寄存器
  17          //  EA=1;//配置中断的寄存器
  18          //  PT0=0;//配置优先级寄存器
  19          //}
  20          
  21          
  22          
  23          
  24          void Timer0_Init(void)    //1毫秒@12.000MHz
  25          {
  26   1        TMOD &= 0xF0;     //设置定时器模式
  27   1        TMOD |= 0x01;     //设置定时器模式
  28   1        TL0 = 0x18;       //设置定时初始值
  29   1        TH0 = 0xFC;       //设置定时初始值
  30   1        TF0 = 0;        //清除TF0标志
  31   1        TR0 = 1;        //定时器0开始计时
  32   1      
  33   1        ET0=1;//配置中断的寄存器
  34   1        EA=1;//配置中断的寄存器
  35   1        PT0=0;//配置优先级寄存器
  36   1      }


MODULE INFORMATION:   STATIC OVERLAYABLE
   CODE SIZE        =     23    ----
   CONSTANT SIZE    =   ----    ----
   XDATA SIZE       =   ----    ----
   PDATA SIZE       =   ----    ----
   DATA SIZE        =   ----    ----
   IDATA SIZE       =   ----    ----
   BIT SIZE         =   ----    ----
END OF MODULE INFORMATION.


C51 COMPILATION COMPLETE.  0 WARNING(S),  0 ERROR(S)
